https://www.parkinglist.de/flughafen-parken/parken-flughafen-bremen|2025-12-02|2025-12-03
https://www.parkinglist.de/flughafen-parken/parken-flughafen-bremen|2025-12-02|2025-12-04
https://www.parkinglist.de/flughafen-parken/parken-flughafen-bremen|2025-12-02|2025-12-05
https://www.parkinglist.de/flughafen-parken/parken-flughafen-bremen|2025-12-02|2025-12-06
https://www.parkinglist.de/flughafen-parken/parken-flughafen-bremen|2025-12-02|2025-12-07
https://www.parkinglist.de/flughafen-parken/parken-flughafen-bremen|2025-12-02|2025-12-08
https://www.parkinglist.de/flughafen-parken/parken-flughafen-bremen|2025-12-02|2025-12-09
https://www.parkinglist.de/flughafen-parken/parken-flughafen-bremen|2025-12-02|2025-12-10
https://www.parkinglist.de/flughafen-parken/parken-flughafen-bremen|2025-12-02|2025-12-11
https://www.parkinglist.de/flughafen-parken/parken-flughafen-bremen|2025-12-02|2025-12-12
https://www.parkinglist.de/flughafen-parken/parken-flughafen-bremen|2025-12-02|2025-12-13
https://www.parkinglist.de/flughafen-parken/parken-flughafen-bremen|2025-12-02|2025-12-14
https://www.parkinglist.de/flughafen-parken/parken-flughafen-bremen|2025-12-02|2025-12-15
https://www.parkinglist.de/flughafen-parken/parken-flughafen-bremen|2025-12-02|2025-12-16
https://www.parkinglist.de/flughafen-parken/parken-flughafen-bremen|2025-12-03|2025-12-04
https://www.parkinglist.de/flughafen-parken/parken-flughafen-bremen|2025-12-03|2025-12-05
https://www.parkinglist.de/flughafen-parken/parken-flughafen-bremen|2025-12-03|2025-12-06
https://www.parkinglist.de/flughafen-parken/parken-flughafen-bremen|2025-12-03|2025-12-07
https://www.parkinglist.de/flughafen-parken/parken-flughafen-bremen|2025-12-03|2025-12-08
https://www.parkinglist.de/flughafen-parken/parken-flughafen-bremen|2025-12-03|2025-12-09
https://www.parkinglist.de/flughafen-parken/parken-flughafen-bremen|2025-12-03|2025-12-10
https://www.parkinglist.de/flughafen-parken/parken-flughafen-bremen|2025-12-03|2025-12-11
https://www.parkinglist.de/flughafen-parken/parken-flughafen-bremen|2025-12-03|2025-12-12
https://www.parkinglist.de/flughafen-parken/parken-flughafen-bremen|2025-12-03|2025-12-13
https://www.parkinglist.de/flughafen-parken/parken-flughafen-bremen|2025-12-03|2025-12-14
https://www.parkinglist.de/flughafen-parken/parken-flughafen-bremen|2025-12-03|2025-12-15
https://www.parkinglist.de/flughafen-parken/parken-flughafen-bremen|2025-12-03|2025-12-16
https://www.parkinglist.de/flughafen-parken/parken-flughafen-bremen|2025-12-03|2025-12-17
https://www.parkinglist.de/flughafen-parken/parken-flughafen-bremen|2025-12-04|2025-12-05
https://www.parkinglist.de/flughafen-parken/parken-flughafen-bremen|2025-12-04|2025-12-06
https://www.parkinglist.de/flughafen-parken/parken-flughafen-bremen|2025-12-04|2025-12-07
https://www.parkinglist.de/flughafen-parken/parken-flughafen-bremen|2025-12-04|2025-12-08
https://www.parkinglist.de/flughafen-parken/parken-flughafen-bremen|2025-12-04|2025-12-09
https://www.parkinglist.de/flughafen-parken/parken-flughafen-bremen|2025-12-04|2025-12-10
https://www.parkinglist.de/flughafen-parken/parken-flughafen-bremen|2025-12-04|2025-12-11
https://www.parkinglist.de/flughafen-parken/parken-flughafen-bremen|2025-12-04|2025-12-12
https://www.parkinglist.de/flughafen-parken/parken-flughafen-bremen|2025-12-04|2025-12-13
https://www.parkinglist.de/flughafen-parken/parken-flughafen-bremen|2025-12-04|2025-12-14
https://www.parkinglist.de/flughafen-parken/parken-flughafen-bremen|2025-12-04|2025-12-15
https://www.parkinglist.de/flughafen-parken/parken-flughafen-bremen|2025-12-04|2025-12-16
https://www.parkinglist.de/flughafen-parken/parken-flughafen-bremen|2025-12-04|2025-12-17
https://www.parkinglist.de/flughafen-parken/parken-flughafen-bremen|2025-12-04|2025-12-18
https://www.parkinglist.de/flughafen-parken/parken-flughafen-bremen|2025-12-05|2025-12-06
https://www.parkinglist.de/flughafen-parken/parken-flughafen-bremen|2025-12-05|2025-12-07
https://www.parkinglist.de/flughafen-parken/parken-flughafen-bremen|2025-12-05|2025-12-08
https://www.parkinglist.de/flughafen-parken/parken-flughafen-bremen|2025-12-05|2025-12-09
https://www.parkinglist.de/flughafen-parken/parken-flughafen-bremen|2025-12-05|2025-12-10
https://www.parkinglist.de/flughafen-parken/parken-flughafen-bremen|2025-12-05|2025-12-11
https://www.parkinglist.de/flughafen-parken/parken-flughafen-bremen|2025-12-05|2025-12-12
https://www.parkinglist.de/flughafen-parken/parken-flughafen-bremen|2025-12-05|2025-12-13
https://www.parkinglist.de/flughafen-parken/parken-flughafen-bremen|2025-12-05|2025-12-14
https://www.parkinglist.de/flughafen-parken/parken-flughafen-bremen|2025-12-05|2025-12-15
https://www.parkinglist.de/flughafen-parken/parken-flughafen-bremen|2025-12-05|2025-12-16
https://www.parkinglist.de/flughafen-parken/parken-flughafen-bremen|2025-12-05|2025-12-17
https://www.parkinglist.de/flughafen-parken/parken-flughafen-bremen|2025-12-05|2025-12-18
https://www.parkinglist.de/flughafen-parken/parken-flughafen-bremen|2025-12-05|2025-12-19
https://www.parkinglist.de/flughafen-parken/parken-flughafen-bremen|2025-12-06|2025-12-07
https://www.parkinglist.de/flughafen-parken/parken-flughafen-bremen|2025-12-06|2025-12-08
https://www.parkinglist.de/flughafen-parken/parken-flughafen-bremen|2025-12-06|2025-12-09
https://www.parkinglist.de/flughafen-parken/parken-flughafen-bremen|2025-12-06|2025-12-10
https://www.parkinglist.de/flughafen-parken/parken-flughafen-bremen|2025-12-06|2025-12-11
https://www.parkinglist.de/flughafen-parken/parken-flughafen-bremen|2025-12-06|2025-12-12
https://www.parkinglist.de/flughafen-parken/parken-flughafen-bremen|2025-12-06|2025-12-13
https://www.parkinglist.de/flughafen-parken/parken-flughafen-bremen|2025-12-06|2025-12-14
https://www.parkinglist.de/flughafen-parken/parken-flughafen-bremen|2025-12-06|2025-12-15
https://www.parkinglist.de/flughafen-parken/parken-flughafen-bremen|2025-12-06|2025-12-16
https://www.parkinglist.de/flughafen-parken/parken-flughafen-bremen|2025-12-06|2025-12-17
https://www.parkinglist.de/flughafen-parken/parken-flughafen-bremen|2025-12-06|2025-12-18
https://www.parkinglist.de/flughafen-parken/parken-flughafen-bremen|2025-12-06|2025-12-19
https://www.parkinglist.de/flughafen-parken/parken-flughafen-bremen|2025-12-06|2025-12-20
https://www.parkinglist.de/flughafen-parken/parken-flughafen-hannover|2025-12-02|2025-12-03
https://www.parkinglist.de/flughafen-parken/parken-flughafen-hannover|2025-12-02|2025-12-04
https://www.parkinglist.de/flughafen-parken/parken-flughafen-hannover|2025-12-02|2025-12-05
https://www.parkinglist.de/flughafen-parken/parken-flughafen-hannover|2025-12-02|2025-12-06
https://www.parkinglist.de/flughafen-parken/parken-flughafen-hannover|2025-12-02|2025-12-07
https://www.parkinglist.de/flughafen-parken/parken-flughafen-hannover|2025-12-02|2025-12-08
https://www.parkinglist.de/flughafen-parken/parken-flughafen-hannover|2025-12-02|2025-12-09
https://www.parkinglist.de/flughafen-parken/parken-flughafen-hannover|2025-12-02|2025-12-10
https://www.parkinglist.de/flughafen-parken/parken-flughafen-hannover|2025-12-02|2025-12-11
https://www.parkinglist.de/flughafen-parken/parken-flughafen-hannover|2025-12-02|2025-12-12
https://www.parkinglist.de/flughafen-parken/parken-flughafen-hannover|2025-12-02|2025-12-13
https://www.parkinglist.de/flughafen-parken/parken-flughafen-hannover|2025-12-02|2025-12-14
https://www.parkinglist.de/flughafen-parken/parken-flughafen-hannover|2025-12-02|2025-12-15
https://www.parkinglist.de/flughafen-parken/parken-flughafen-hannover|2025-12-02|2025-12-16
https://www.parkinglist.de/flughafen-parken/parken-flughafen-hannover|2025-12-03|2025-12-04
https://www.parkinglist.de/flughafen-parken/parken-flughafen-hannover|2025-12-03|2025-12-05
https://www.parkinglist.de/flughafen-parken/parken-flughafen-hannover|2025-12-03|2025-12-06
https://www.parkinglist.de/flughafen-parken/parken-flughafen-hannover|2025-12-03|2025-12-07
https://www.parkinglist.de/flughafen-parken/parken-flughafen-hannover|2025-12-03|2025-12-08
https://www.parkinglist.de/flughafen-parken/parken-flughafen-hannover|2025-12-03|2025-12-09
https://www.parkinglist.de/flughafen-parken/parken-flughafen-hannover|2025-12-03|2025-12-10
https://www.parkinglist.de/flughafen-parken/parken-flughafen-hannover|2025-12-03|2025-12-11
https://www.parkinglist.de/flughafen-parken/parken-flughafen-hannover|2025-12-03|2025-12-12
https://www.parkinglist.de/flughafen-parken/parken-flughafen-hannover|2025-12-03|2025-12-13
https://www.parkinglist.de/flughafen-parken/parken-flughafen-hannover|2025-12-03|2025-12-14
https://www.parkinglist.de/flughafen-parken/parken-flughafen-hannover|2025-12-03|2025-12-15
https://www.parkinglist.de/flughafen-parken/parken-flughafen-hannover|2025-12-03|2025-12-16
https://www.parkinglist.de/flughafen-parken/parken-flughafen-hannover|2025-12-03|2025-12-17
https://www.parkinglist.de/flughafen-parken/parken-flughafen-hannover|2025-12-04|2025-12-05
https://www.parkinglist.de/flughafen-parken/parken-flughafen-hannover|2025-12-04|2025-12-06
https://www.parkinglist.de/flughafen-parken/parken-flughafen-hannover|2025-12-04|2025-12-07
https://www.parkinglist.de/flughafen-parken/parken-flughafen-hannover|2025-12-04|2025-12-08
https://www.parkinglist.de/flughafen-parken/parken-flughafen-hannover|2025-12-04|2025-12-09
https://www.parkinglist.de/flughafen-parken/parken-flughafen-hannover|2025-12-04|2025-12-10
https://www.parkinglist.de/flughafen-parken/parken-flughafen-hannover|2025-12-04|2025-12-11
https://www.parkinglist.de/flughafen-parken/parken-flughafen-hannover|2025-12-04|2025-12-12
https://www.parkinglist.de/flughafen-parken/parken-flughafen-hannover|2025-12-04|2025-12-13
https://www.parkinglist.de/flughafen-parken/parken-flughafen-hannover|2025-12-04|2025-12-14
https://www.parkinglist.de/flughafen-parken/parken-flughafen-hannover|2025-12-04|2025-12-15
https://www.parkinglist.de/flughafen-parken/parken-flughafen-hannover|2025-12-04|2025-12-16
https://www.parkinglist.de/flughafen-parken/parken-flughafen-hannover|2025-12-04|2025-12-17
https://www.parkinglist.de/flughafen-parken/parken-flughafen-hannover|2025-12-04|2025-12-18
https://www.parkinglist.de/flughafen-parken/parken-flughafen-hannover|2025-12-05|2025-12-06
https://www.parkinglist.de/flughafen-parken/parken-flughafen-hannover|2025-12-05|2025-12-07
https://www.parkinglist.de/flughafen-parken/parken-flughafen-hannover|2025-12-05|2025-12-08
https://www.parkinglist.de/flughafen-parken/parken-flughafen-hannover|2025-12-05|2025-12-09
https://www.parkinglist.de/flughafen-parken/parken-flughafen-hannover|2025-12-05|2025-12-10
https://www.parkinglist.de/flughafen-parken/parken-flughafen-hannover|2025-12-05|2025-12-11
https://www.parkinglist.de/flughafen-parken/parken-flughafen-hannover|2025-12-05|2025-12-12
https://www.parkinglist.de/flughafen-parken/parken-flughafen-hannover|2025-12-05|2025-12-13
https://www.parkinglist.de/flughafen-parken/parken-flughafen-hannover|2025-12-05|2025-12-14
https://www.parkinglist.de/flughafen-parken/parken-flughafen-hannover|2025-12-05|2025-12-15
https://www.parkinglist.de/flughafen-parken/parken-flughafen-hannover|2025-12-05|2025-12-16
https://www.parkinglist.de/flughafen-parken/parken-flughafen-hannover|2025-12-05|2025-12-17
https://www.parkinglist.de/flughafen-parken/parken-flughafen-hannover|2025-12-05|2025-12-18
https://www.parkinglist.de/flughafen-parken/parken-flughafen-hannover|2025-12-05|2025-12-19
https://www.parkinglist.de/flughafen-parken/parken-flughafen-hannover|2025-12-06|2025-12-07
https://www.parkinglist.de/flughafen-parken/parken-flughafen-hannover|2025-12-06|2025-12-08
https://www.parkinglist.de/flughafen-parken/parken-flughafen-hannover|2025-12-06|2025-12-09
https://www.parkinglist.de/flughafen-parken/parken-flughafen-hannover|2025-12-06|2025-12-10
https://www.parkinglist.de/flughafen-parken/parken-flughafen-hannover|2025-12-06|2025-12-11
https://www.parkinglist.de/flughafen-parken/parken-flughafen-hannover|2025-12-06|2025-12-12
https://www.parkinglist.de/flughafen-parken/parken-flughafen-hannover|2025-12-06|2025-12-13
https://www.parkinglist.de/flughafen-parken/parken-flughafen-hannover|2025-12-06|2025-12-14
https://www.parkinglist.de/flughafen-parken/parken-flughafen-hannover|2025-12-06|2025-12-15
https://www.parkinglist.de/flughafen-parken/parken-flughafen-hannover|2025-12-06|2025-12-16
https://www.parkinglist.de/flughafen-parken/parken-flughafen-hannover|2025-12-06|2025-12-17
https://www.parkinglist.de/flughafen-parken/parken-flughafen-hannover|2025-12-06|2025-12-18
https://www.parkinglist.de/flughafen-parken/parken-flughafen-hannover|2025-12-06|2025-12-19
https://www.parkinglist.de/flughafen-parken/parken-flughafen-hannover|2025-12-06|2025-12-20
https://www.parkinglist.de/flughafen-parken/parken-flughafen-leipzig-halle|2025-12-02|2025-12-03
https://www.parkinglist.de/flughafen-parken/parken-flughafen-leipzig-halle|2025-12-02|2025-12-04
https://www.parkinglist.de/flughafen-parken/parken-flughafen-leipzig-halle|2025-12-02|2025-12-05
https://www.parkinglist.de/flughafen-parken/parken-flughafen-leipzig-halle|2025-12-02|2025-12-06
https://www.parkinglist.de/flughafen-parken/parken-flughafen-leipzig-halle|2025-12-02|2025-12-07
https://www.parkinglist.de/flughafen-parken/parken-flughafen-leipzig-halle|2025-12-02|2025-12-08
https://www.parkinglist.de/flughafen-parken/parken-flughafen-leipzig-halle|2025-12-02|2025-12-09
https://www.parkinglist.de/flughafen-parken/parken-flughafen-leipzig-halle|2025-12-02|2025-12-10
https://www.parkinglist.de/flughafen-parken/parken-flughafen-leipzig-halle|2025-12-02|2025-12-11
https://www.parkinglist.de/flughafen-parken/parken-flughafen-leipzig-halle|2025-12-02|2025-12-12
https://www.parkinglist.de/flughafen-parken/parken-flughafen-leipzig-halle|2025-12-02|2025-12-13
https://www.parkinglist.de/flughafen-parken/parken-flughafen-leipzig-halle|2025-12-02|2025-12-14
https://www.parkinglist.de/flughafen-parken/parken-flughafen-leipzig-halle|2025-12-02|2025-12-15
https://www.parkinglist.de/flughafen-parken/parken-flughafen-leipzig-halle|2025-12-02|2025-12-16
https://www.parkinglist.de/flughafen-parken/parken-flughafen-leipzig-halle|2025-12-03|2025-12-04
https://www.parkinglist.de/flughafen-parken/parken-flughafen-leipzig-halle|2025-12-03|2025-12-05
https://www.parkinglist.de/flughafen-parken/parken-flughafen-leipzig-halle|2025-12-03|2025-12-06
https://www.parkinglist.de/flughafen-parken/parken-flughafen-leipzig-halle|2025-12-03|2025-12-07
https://www.parkinglist.de/flughafen-parken/parken-flughafen-leipzig-halle|2025-12-03|2025-12-08
https://www.parkinglist.de/flughafen-parken/parken-flughafen-leipzig-halle|2025-12-03|2025-12-09
https://www.parkinglist.de/flughafen-parken/parken-flughafen-leipzig-halle|2025-12-03|2025-12-10
https://www.parkinglist.de/flughafen-parken/parken-flughafen-leipzig-halle|2025-12-03|2025-12-11
https://www.parkinglist.de/flughafen-parken/parken-flughafen-leipzig-halle|2025-12-03|2025-12-12
https://www.parkinglist.de/flughafen-parken/parken-flughafen-leipzig-halle|2025-12-03|2025-12-13
https://www.parkinglist.de/flughafen-parken/parken-flughafen-leipzig-halle|2025-12-03|2025-12-14
https://www.parkinglist.de/flughafen-parken/parken-flughafen-leipzig-halle|2025-12-03|2025-12-15
https://www.parkinglist.de/flughafen-parken/parken-flughafen-leipzig-halle|2025-12-03|2025-12-16
https://www.parkinglist.de/flughafen-parken/parken-flughafen-leipzig-halle|2025-12-03|2025-12-17
https://www.parkinglist.de/flughafen-parken/parken-flughafen-leipzig-halle|2025-12-04|2025-12-05
https://www.parkinglist.de/flughafen-parken/parken-flughafen-leipzig-halle|2025-12-04|2025-12-06
https://www.parkinglist.de/flughafen-parken/parken-flughafen-leipzig-halle|2025-12-04|2025-12-07
https://www.parkinglist.de/flughafen-parken/parken-flughafen-leipzig-halle|2025-12-04|2025-12-08
https://www.parkinglist.de/flughafen-parken/parken-flughafen-leipzig-halle|2025-12-04|2025-12-09
https://www.parkinglist.de/flughafen-parken/parken-flughafen-leipzig-halle|2025-12-04|2025-12-10
https://www.parkinglist.de/flughafen-parken/parken-flughafen-leipzig-halle|2025-12-04|2025-12-11
https://www.parkinglist.de/flughafen-parken/parken-flughafen-leipzig-halle|2025-12-04|2025-12-12
https://www.parkinglist.de/flughafen-parken/parken-flughafen-leipzig-halle|2025-12-04|2025-12-13
https://www.parkinglist.de/flughafen-parken/parken-flughafen-leipzig-halle|2025-12-04|2025-12-14
https://www.parkinglist.de/flughafen-parken/parken-flughafen-leipzig-halle|2025-12-04|2025-12-15
https://www.parkinglist.de/flughafen-parken/parken-flughafen-leipzig-halle|2025-12-04|2025-12-16
https://www.parkinglist.de/flughafen-parken/parken-flughafen-leipzig-halle|2025-12-04|2025-12-17
https://www.parkinglist.de/flughafen-parken/parken-flughafen-leipzig-halle|2025-12-04|2025-12-18
https://www.parkinglist.de/flughafen-parken/parken-flughafen-leipzig-halle|2025-12-05|2025-12-06
https://www.parkinglist.de/flughafen-parken/parken-flughafen-leipzig-halle|2025-12-05|2025-12-07
https://www.parkinglist.de/flughafen-parken/parken-flughafen-leipzig-halle|2025-12-05|2025-12-08
https://www.parkinglist.de/flughafen-parken/parken-flughafen-leipzig-halle|2025-12-05|2025-12-09
https://www.parkinglist.de/flughafen-parken/parken-flughafen-leipzig-halle|2025-12-05|2025-12-10
https://www.parkinglist.de/flughafen-parken/parken-flughafen-leipzig-halle|2025-12-05|2025-12-11
https://www.parkinglist.de/flughafen-parken/parken-flughafen-leipzig-halle|2025-12-05|2025-12-12
https://www.parkinglist.de/flughafen-parken/parken-flughafen-leipzig-halle|2025-12-05|2025-12-13
https://www.parkinglist.de/flughafen-parken/parken-flughafen-leipzig-halle|2025-12-05|2025-12-14
https://www.parkinglist.de/flughafen-parken/parken-flughafen-leipzig-halle|2025-12-05|2025-12-15
https://www.parkinglist.de/flughafen-parken/parken-flughafen-leipzig-halle|2025-12-05|2025-12-16
https://www.parkinglist.de/flughafen-parken/parken-flughafen-leipzig-halle|2025-12-05|2025-12-17
https://www.parkinglist.de/flughafen-parken/parken-flughafen-leipzig-halle|2025-12-05|2025-12-18
https://www.parkinglist.de/flughafen-parken/parken-flughafen-leipzig-halle|2025-12-05|2025-12-19
https://www.parkinglist.de/flughafen-parken/parken-flughafen-leipzig-halle|2025-12-06|2025-12-07
https://www.parkinglist.de/flughafen-parken/parken-flughafen-leipzig-halle|2025-12-06|2025-12-08
https://www.parkinglist.de/flughafen-parken/parken-flughafen-leipzig-halle|2025-12-06|2025-12-09
https://www.parkinglist.de/flughafen-parken/parken-flughafen-leipzig-halle|2025-12-06|2025-12-10
https://www.parkinglist.de/flughafen-parken/parken-flughafen-leipzig-halle|2025-12-06|2025-12-11
https://www.parkinglist.de/flughafen-parken/parken-flughafen-leipzig-halle|2025-12-06|2025-12-12
https://www.parkinglist.de/flughafen-parken/parken-flughafen-leipzig-halle|2025-12-06|2025-12-13
https://www.parkinglist.de/flughafen-parken/parken-flughafen-leipzig-halle|2025-12-06|2025-12-14
https://www.parkinglist.de/flughafen-parken/parken-flughafen-leipzig-halle|2025-12-06|2025-12-15
https://www.parkinglist.de/flughafen-parken/parken-flughafen-leipzig-halle|2025-12-06|2025-12-16
https://www.parkinglist.de/flughafen-parken/parken-flughafen-leipzig-halle|2025-12-06|2025-12-17
https://www.parkinglist.de/flughafen-parken/parken-flughafen-leipzig-halle|2025-12-06|2025-12-18
https://www.parkinglist.de/flughafen-parken/parken-flughafen-leipzig-halle|2025-12-06|2025-12-19
https://www.parkinglist.de/flughafen-parken/parken-flughafen-leipzig-halle|2025-12-06|2025-12-20
https://www.parkinglist.de/flughafen-parken/parken-flughafen-nuernberg|2025-12-02|2025-12-03
https://www.parkinglist.de/flughafen-parken/parken-flughafen-nuernberg|2025-12-02|2025-12-04
https://www.parkinglist.de/flughafen-parken/parken-flughafen-nuernberg|2025-12-02|2025-12-05
https://www.parkinglist.de/flughafen-parken/parken-flughafen-nuernberg|2025-12-02|2025-12-06
https://www.parkinglist.de/flughafen-parken/parken-flughafen-nuernberg|2025-12-02|2025-12-07
https://www.parkinglist.de/flughafen-parken/parken-flughafen-nuernberg|2025-12-02|2025-12-08
https://www.parkinglist.de/flughafen-parken/parken-flughafen-nuernberg|2025-12-02|2025-12-09
https://www.parkinglist.de/flughafen-parken/parken-flughafen-nuernberg|2025-12-02|2025-12-10
https://www.parkinglist.de/flughafen-parken/parken-flughafen-nuernberg|2025-12-02|2025-12-11
https://www.parkinglist.de/flughafen-parken/parken-flughafen-nuernberg|2025-12-02|2025-12-12
https://www.parkinglist.de/flughafen-parken/parken-flughafen-nuernberg|2025-12-02|2025-12-13
https://www.parkinglist.de/flughafen-parken/parken-flughafen-nuernberg|2025-12-02|2025-12-14
https://www.parkinglist.de/flughafen-parken/parken-flughafen-nuernberg|2025-12-02|2025-12-15
https://www.parkinglist.de/flughafen-parken/parken-flughafen-nuernberg|2025-12-02|2025-12-16
https://www.parkinglist.de/flughafen-parken/parken-flughafen-nuernberg|2025-12-03|2025-12-04
https://www.parkinglist.de/flughafen-parken/parken-flughafen-nuernberg|2025-12-03|2025-12-05
https://www.parkinglist.de/flughafen-parken/parken-flughafen-nuernberg|2025-12-03|2025-12-06
https://www.parkinglist.de/flughafen-parken/parken-flughafen-nuernberg|2025-12-03|2025-12-07
https://www.parkinglist.de/flughafen-parken/parken-flughafen-nuernberg|2025-12-03|2025-12-08
https://www.parkinglist.de/flughafen-parken/parken-flughafen-nuernberg|2025-12-03|2025-12-09
https://www.parkinglist.de/flughafen-parken/parken-flughafen-nuernberg|2025-12-03|2025-12-10
https://www.parkinglist.de/flughafen-parken/parken-flughafen-nuernberg|2025-12-03|2025-12-11
https://www.parkinglist.de/flughafen-parken/parken-flughafen-nuernberg|2025-12-03|2025-12-12
https://www.parkinglist.de/flughafen-parken/parken-flughafen-nuernberg|2025-12-03|2025-12-13
https://www.parkinglist.de/flughafen-parken/parken-flughafen-nuernberg|2025-12-03|2025-12-14
https://www.parkinglist.de/flughafen-parken/parken-flughafen-nuernberg|2025-12-03|2025-12-15
https://www.parkinglist.de/flughafen-parken/parken-flughafen-nuernberg|2025-12-03|2025-12-16
https://www.parkinglist.de/flughafen-parken/parken-flughafen-nuernberg|2025-12-03|2025-12-17
https://www.parkinglist.de/flughafen-parken/parken-flughafen-nuernberg|2025-12-04|2025-12-05
https://www.parkinglist.de/flughafen-parken/parken-flughafen-nuernberg|2025-12-04|2025-12-06
https://www.parkinglist.de/flughafen-parken/parken-flughafen-nuernberg|2025-12-04|2025-12-07
https://www.parkinglist.de/flughafen-parken/parken-flughafen-nuernberg|2025-12-04|2025-12-08
https://www.parkinglist.de/flughafen-parken/parken-flughafen-nuernberg|2025-12-04|2025-12-09
https://www.parkinglist.de/flughafen-parken/parken-flughafen-nuernberg|2025-12-04|2025-12-10
https://www.parkinglist.de/flughafen-parken/parken-flughafen-nuernberg|2025-12-04|2025-12-11
https://www.parkinglist.de/flughafen-parken/parken-flughafen-nuernberg|2025-12-04|2025-12-12
https://www.parkinglist.de/flughafen-parken/parken-flughafen-nuernberg|2025-12-04|2025-12-13
https://www.parkinglist.de/flughafen-parken/parken-flughafen-nuernberg|2025-12-04|2025-12-14
https://www.parkinglist.de/flughafen-parken/parken-flughafen-nuernberg|2025-12-04|2025-12-15
https://www.parkinglist.de/flughafen-parken/parken-flughafen-nuernberg|2025-12-04|2025-12-16
https://www.parkinglist.de/flughafen-parken/parken-flughafen-nuernberg|2025-12-04|2025-12-17
https://www.parkinglist.de/flughafen-parken/parken-flughafen-nuernberg|2025-12-04|2025-12-18
https://www.parkinglist.de/flughafen-parken/parken-flughafen-nuernberg|2025-12-05|2025-12-06
https://www.parkinglist.de/flughafen-parken/parken-flughafen-nuernberg|2025-12-05|2025-12-07
https://www.parkinglist.de/flughafen-parken/parken-flughafen-nuernberg|2025-12-05|2025-12-08
https://www.parkinglist.de/flughafen-parken/parken-flughafen-nuernberg|2025-12-05|2025-12-09
https://www.parkinglist.de/flughafen-parken/parken-flughafen-nuernberg|2025-12-05|2025-12-10
https://www.parkinglist.de/flughafen-parken/parken-flughafen-nuernberg|2025-12-05|2025-12-11
https://www.parkinglist.de/flughafen-parken/parken-flughafen-nuernberg|2025-12-05|2025-12-12
https://www.parkinglist.de/flughafen-parken/parken-flughafen-nuernberg|2025-12-05|2025-12-13
https://www.parkinglist.de/flughafen-parken/parken-flughafen-nuernberg|2025-12-05|2025-12-14
https://www.parkinglist.de/flughafen-parken/parken-flughafen-nuernberg|2025-12-05|2025-12-15
https://www.parkinglist.de/flughafen-parken/parken-flughafen-nuernberg|2025-12-05|2025-12-16
https://www.parkinglist.de/flughafen-parken/parken-flughafen-nuernberg|2025-12-05|2025-12-17
https://www.parkinglist.de/flughafen-parken/parken-flughafen-nuernberg|2025-12-05|2025-12-18
https://www.parkinglist.de/flughafen-parken/parken-flughafen-nuernberg|2025-12-05|2025-12-19
https://www.parkinglist.de/flughafen-parken/parken-flughafen-nuernberg|2025-12-06|2025-12-07
https://www.parkinglist.de/flughafen-parken/parken-flughafen-nuernberg|2025-12-06|2025-12-08
https://www.parkinglist.de/flughafen-parken/parken-flughafen-nuernberg|2025-12-06|2025-12-09
https://www.parkinglist.de/flughafen-parken/parken-flughafen-nuernberg|2025-12-06|2025-12-10
https://www.parkinglist.de/flughafen-parken/parken-flughafen-nuernberg|2025-12-06|2025-12-11
https://www.parkinglist.de/flughafen-parken/parken-flughafen-nuernberg|2025-12-06|2025-12-12
https://www.parkinglist.de/flughafen-parken/parken-flughafen-nuernberg|2025-12-06|2025-12-13
https://www.parkinglist.de/flughafen-parken/parken-flughafen-nuernberg|2025-12-06|2025-12-14
https://www.parkinglist.de/flughafen-parken/parken-flughafen-nuernberg|2025-12-06|2025-12-15
https://www.parkinglist.de/flughafen-parken/parken-flughafen-nuernberg|2025-12-06|2025-12-16
https://www.parkinglist.de/flughafen-parken/parken-flughafen-nuernberg|2025-12-06|2025-12-17
https://www.parkinglist.de/flughafen-parken/parken-flughafen-nuernberg|2025-12-06|2025-12-18
https://www.parkinglist.de/flughafen-parken/parken-flughafen-nuernberg|2025-12-06|2025-12-19
https://www.parkinglist.de/flughafen-parken/parken-flughafen-nuernberg|2025-12-06|2025-12-20
https://www.parkinglist.de/flughafen-parken/parken-flughafen-stuttgart|2025-12-02|2025-12-03
https://www.parkinglist.de/flughafen-parken/parken-flughafen-stuttgart|2025-12-02|2025-12-04
https://www.parkinglist.de/flughafen-parken/parken-flughafen-stuttgart|2025-12-02|2025-12-05
https://www.parkinglist.de/flughafen-parken/parken-flughafen-stuttgart|2025-12-02|2025-12-06
https://www.parkinglist.de/flughafen-parken/parken-flughafen-stuttgart|2025-12-02|2025-12-07
https://www.parkinglist.de/flughafen-parken/parken-flughafen-stuttgart|2025-12-02|2025-12-08
https://www.parkinglist.de/flughafen-parken/parken-flughafen-stuttgart|2025-12-02|2025-12-09
https://www.parkinglist.de/flughafen-parken/parken-flughafen-stuttgart|2025-12-02|2025-12-10
https://www.parkinglist.de/flughafen-parken/parken-flughafen-stuttgart|2025-12-02|2025-12-11
https://www.parkinglist.de/flughafen-parken/parken-flughafen-stuttgart|2025-12-02|2025-12-12
https://www.parkinglist.de/flughafen-parken/parken-flughafen-stuttgart|2025-12-02|2025-12-13
https://www.parkinglist.de/flughafen-parken/parken-flughafen-stuttgart|2025-12-02|2025-12-14
https://www.parkinglist.de/flughafen-parken/parken-flughafen-stuttgart|2025-12-02|2025-12-15
https://www.parkinglist.de/flughafen-parken/parken-flughafen-stuttgart|2025-12-02|2025-12-16
https://www.parkinglist.de/flughafen-parken/parken-flughafen-stuttgart|2025-12-03|2025-12-04
https://www.parkinglist.de/flughafen-parken/parken-flughafen-stuttgart|2025-12-03|2025-12-05
https://www.parkinglist.de/flughafen-parken/parken-flughafen-stuttgart|2025-12-03|2025-12-06
https://www.parkinglist.de/flughafen-parken/parken-flughafen-stuttgart|2025-12-03|2025-12-07
https://www.parkinglist.de/flughafen-parken/parken-flughafen-stuttgart|2025-12-03|2025-12-08
https://www.parkinglist.de/flughafen-parken/parken-flughafen-stuttgart|2025-12-03|2025-12-09
https://www.parkinglist.de/flughafen-parken/parken-flughafen-stuttgart|2025-12-03|2025-12-10
https://www.parkinglist.de/flughafen-parken/parken-flughafen-stuttgart|2025-12-03|2025-12-11
https://www.parkinglist.de/flughafen-parken/parken-flughafen-stuttgart|2025-12-03|2025-12-12
https://www.parkinglist.de/flughafen-parken/parken-flughafen-stuttgart|2025-12-03|2025-12-13
https://www.parkinglist.de/flughafen-parken/parken-flughafen-stuttgart|2025-12-03|2025-12-14
https://www.parkinglist.de/flughafen-parken/parken-flughafen-stuttgart|2025-12-03|2025-12-15
https://www.parkinglist.de/flughafen-parken/parken-flughafen-stuttgart|2025-12-03|2025-12-16
https://www.parkinglist.de/flughafen-parken/parken-flughafen-stuttgart|2025-12-03|2025-12-17
https://www.parkinglist.de/flughafen-parken/parken-flughafen-stuttgart|2025-12-04|2025-12-05
https://www.parkinglist.de/flughafen-parken/parken-flughafen-stuttgart|2025-12-04|2025-12-06
https://www.parkinglist.de/flughafen-parken/parken-flughafen-stuttgart|2025-12-04|2025-12-07
https://www.parkinglist.de/flughafen-parken/parken-flughafen-stuttgart|2025-12-04|2025-12-08
https://www.parkinglist.de/flughafen-parken/parken-flughafen-stuttgart|2025-12-04|2025-12-09
https://www.parkinglist.de/flughafen-parken/parken-flughafen-stuttgart|2025-12-04|2025-12-10
https://www.parkinglist.de/flughafen-parken/parken-flughafen-stuttgart|2025-12-04|2025-12-11
https://www.parkinglist.de/flughafen-parken/parken-flughafen-stuttgart|2025-12-04|2025-12-12
https://www.parkinglist.de/flughafen-parken/parken-flughafen-stuttgart|2025-12-04|2025-12-13
https://www.parkinglist.de/flughafen-parken/parken-flughafen-stuttgart|2025-12-04|2025-12-14
https://www.parkinglist.de/flughafen-parken/parken-flughafen-stuttgart|2025-12-04|2025-12-15
https://www.parkinglist.de/flughafen-parken/parken-flughafen-stuttgart|2025-12-04|2025-12-16
https://www.parkinglist.de/flughafen-parken/parken-flughafen-stuttgart|2025-12-04|2025-12-17
https://www.parkinglist.de/flughafen-parken/parken-flughafen-stuttgart|2025-12-04|2025-12-18
https://www.parkinglist.de/flughafen-parken/parken-flughafen-stuttgart|2025-12-05|2025-12-06
https://www.parkinglist.de/flughafen-parken/parken-flughafen-stuttgart|2025-12-05|2025-12-07
https://www.parkinglist.de/flughafen-parken/parken-flughafen-stuttgart|2025-12-05|2025-12-08
https://www.parkinglist.de/flughafen-parken/parken-flughafen-stuttgart|2025-12-05|2025-12-09
https://www.parkinglist.de/flughafen-parken/parken-flughafen-stuttgart|2025-12-05|2025-12-10
https://www.parkinglist.de/flughafen-parken/parken-flughafen-stuttgart|2025-12-05|2025-12-11
